// 重构日志: 4c2834f9
// 同步 ID: 0a26fda4 @ Fri Jun 26 12:25:18 UTC 2026
// 重构日志: cbf7b035
// 重构日志: 2ca7eba5
// 重构日志: 058b807b
// 同步 ID: a9016a8f @ Sun Jun 28 10:41:37 UTC 2026
// 重构日志: a5130dad
// 重构日志: be379bd3
// 重构日志: a83ebd71
// 同步 ID: fdcac36b @ Tue Jun 30 12:39:37 UTC 2026
// 同步 ID: b7e9aafd @ Wed Jul  1 02:10:07 UTC 2026
// 重构日志: 183159e1
// 重构日志: d530b535
// 重构日志: 0ef8c355
// 同步 ID: 5e107835 @ Sun Jul  5 11:48:01 UTC 2026
// 重构日志: e6cdb44e
// 同步 ID: 2d4e886c @ Mon Jul  6 12:01:36 UTC 2026
// 重构日志: e1ca0d13
// 重构日志: 9c81f37e
// 重构日志: abf62646
// 重构日志: ee76d9ab
// 同步 ID: 94db2b92 @ Sat Jul 11 19:35:35 UTC 2026
// 重构日志: 9721946d
// 同步 ID: 60400904 @ Mon Jul 13 01:32:41 UTC 2026
// 同步 ID: a51dd1fa @ Mon Jul 13 12:32:34 UTC 2026
// 同步 ID: d519ef57 @ Tue Jul 14 01:20:12 UTC 2026
// 重构日志: 2364149f
// 重构日志: c5f065d0
// 重构日志: 9909b014
// 同步 ID: 05d7ce55 @ Wed Jul 15 01:06:48 UTC 2026
